RESULTS
=======
FIX 1
THREADS=1
Supplied binary does not match the Intel(R) Xeon Phi(TM)
coprocessor that is installed.

Supplied binary does not match the Intel(R) Xeon Phi(TM)
coprocessor that is installed.

Supplied binary does not match the Intel(R) Xeon Phi(TM)
coprocessor that is installed.

Supplied binary does not match the Intel(R) Xeon Phi(TM)
coprocessor that is installed.

Supplied binary does not match the Intel(R) Xeon Phi(TM)
coprocessor that is installed.

Supplied binary does not match the Intel(R) Xeon Phi(TM)
coprocessor that is installed.

Supplied binary does not match the Intel(R) Xeon Phi(TM)
coprocessor that is installed.

Supplied binary does not match the Intel(R) Xeon Phi(TM)
coprocessor that is installed.

Supplied binary does not match the Intel(R) Xeon Phi(TM)
coprocessor that is installed.

Supplied binary does not match the Intel(R) Xeon Phi(TM)
coprocessor that is installed.

Supplied binary does not match the Intel(R) Xeon Phi(TM)
coprocessor that is installed.

Supplied binary does not match the Intel(R) Xeon Phi(TM)
coprocessor that is installed.

Supplied binary does not match the Intel(R) Xeon Phi(TM)
coprocessor that is installed.

Supplied binary does not match the Intel(R) Xeon Phi(TM)
coprocessor that is installed.

Supplied binary does not match the Intel(R) Xeon Phi(TM)
coprocessor that is installed.

Supplied binary does not match the Intel(R) Xeon Phi(TM)
coprocessor that is installed.

Supplied binary does not match the Intel(R) Xeon Phi(TM)
coprocessor that is installed.

THREADS=2
Supplied binary does not match the Intel(R) Xeon Phi(TM)
coprocessor that is installed.

Supplied binary does not match the Intel(R) Xeon Phi(TM)
coprocessor that is installed.

Supplied binary does not match the Intel(R) Xeon Phi(TM)
coprocessor that is installed.

Supplied binary does not match the Intel(R) Xeon Phi(TM)
coprocessor that is installed.

Supplied binary does not match the Intel(R) Xeon Phi(TM)
coprocessor that is installed.

Supplied binary does not match the Intel(R) Xeon Phi(TM)
coprocessor that is installed.

Supplied binary does not match the Intel(R) Xeon Phi(TM)
coprocessor that is installed.

Supplied binary does not match the Intel(R) Xeon Phi(TM)
coprocessor that is installed.

Supplied binary does not match the Intel(R) Xeon Phi(TM)
coprocessor that is installed.

Supplied binary does not match the Intel(R) Xeon Phi(TM)
coprocessor that is installed.

Supplied binary does not match the Intel(R) Xeon Phi(TM)
coprocessor that is installed.

Supplied binary does not match the Intel(R) Xeon Phi(TM)
coprocessor that is installed.

Supplied binary does not match the Intel(R) Xeon Phi(TM)
coprocessor that is installed.

Supplied binary does not match the Intel(R) Xeon Phi(TM)
coprocessor that is installed.

Supplied binary does not match the Intel(R) Xeon Phi(TM)
coprocessor that is installed.

Supplied binary does not match the Intel(R) Xeon Phi(TM)
coprocessor that is installed.

Supplied binary does not match the Intel(R) Xeon Phi(TM)
coprocessor that is installed.

THREADS=4
Supplied binary does not match the Intel(R) Xeon Phi(TM)
coprocessor that is installed.

Supplied binary does not match the Intel(R) Xeon Phi(TM)
coprocessor that is installed.

Supplied binary does not match the Intel(R) Xeon Phi(TM)
coprocessor that is installed.

Supplied binary does not match the Intel(R) Xeon Phi(TM)
coprocessor that is installed.

Supplied binary does not match the Intel(R) Xeon Phi(TM)
coprocessor that is installed.

Supplied binary does not match the Intel(R) Xeon Phi(TM)
coprocessor that is installed.

Supplied binary does not match the Intel(R) Xeon Phi(TM)
coprocessor that is installed.

Supplied binary does not match the Intel(R) Xeon Phi(TM)
coprocessor that is installed.

Supplied binary does not match the Intel(R) Xeon Phi(TM)
coprocessor that is installed.

Supplied binary does not match the Intel(R) Xeon Phi(TM)
coprocessor that is installed.

Supplied binary does not match the Intel(R) Xeon Phi(TM)
coprocessor that is installed.

Supplied binary does not match the Intel(R) Xeon Phi(TM)
coprocessor that is installed.

Supplied binary does not match the Intel(R) Xeon Phi(TM)
coprocessor that is installed.

Supplied binary does not match the Intel(R) Xeon Phi(TM)
coprocessor that is installed.

Supplied binary does not match the Intel(R) Xeon Phi(TM)
coprocessor that is installed.

Supplied binary does not match the Intel(R) Xeon Phi(TM)
coprocessor that is installed.

Supplied binary does not match the Intel(R) Xeon Phi(TM)
coprocessor that is installed.


FIX 2
THREADS=1
Supplied binary does not match the Intel(R) Xeon Phi(TM)
coprocessor that is installed.

THREADS=2
Supplied binary does not match the Intel(R) Xeon Phi(TM)
coprocessor that is installed.

THREADS=4
Supplied binary does not match the Intel(R) Xeon Phi(TM)
coprocessor that is installed.


